17:02:50.709 [main] INFO  org.oxyl.newro.Main - Ceci est un message d'info
17:02:50.715 [main] WARN  org.oxyl.newro.Main - Ceci est un message de warning
17:02:50.715 [main] ERROR org.oxyl.newro.Main - Ceci est un message d'erreur
13:47:01.613 [main] INFO  org.oxyl.newro.Main - Ceci est un message d'info
13:47:01.618 [main] WARN  org.oxyl.newro.Main - Ceci est un message de warning
13:47:01.618 [main] ERROR org.oxyl.newro.Main - Ceci est un message d'erreur
11:36:54.972 [main] ERROR org.oxyl.mapper.MapperPromotion - Erreur Base de donnée
11:36:55.059 [main] ERROR org.oxyl.mapper.MapperPromotion - Erreur Base de donnée
11:37:44.632 [main] INFO  org.oxyl.newro.Main - Ceci est un message d'info
11:37:44.643 [main] WARN  org.oxyl.newro.Main - Ceci est un message de warning
11:37:44.643 [main] ERROR org.oxyl.newro.Main - Ceci est un message d'erreur
11:38:19.144 [main] ERROR org.oxyl.mapper.MapperPromotion - Erreur Base de donnée
11:40:50.999 [main] INFO  org.oxyl.newro.Main - Ceci est un message d'info
11:40:51.004 [main] WARN  org.oxyl.newro.Main - Ceci est un message de warning
11:40:51.004 [main] ERROR org.oxyl.newro.Main - Ceci est un message d'erreur
11:41:12.289 [main] ERROR org.oxyl.mapper.MapperPromotion - Erreur Base de donnée
11:42:28.762 [main] INFO  org.oxyl.newro.Main - Ceci est un message d'info
11:42:28.768 [main] WARN  org.oxyl.newro.Main - Ceci est un message de warning
11:42:28.768 [main] ERROR org.oxyl.newro.Main - Ceci est un message d'erreur
11:42:53.755 [main] ERROR org.oxyl.mapper.MapperStagiaire - Erreur Base de donnée
11:43:42.885 [main] INFO  org.oxyl.newro.Main - Ceci est un message d'info
11:43:42.892 [main] WARN  org.oxyl.newro.Main - Ceci est un message de warning
11:43:42.892 [main] ERROR org.oxyl.newro.Main - Ceci est un message d'erreur
11:43:45.165 [main] ERROR org.oxyl.mapper.MapperStagiaire - Erreur Base de donnée
11:43:49.844 [main] INFO  org.oxyl.newro.Main - Ceci est un message d'info
11:43:49.852 [main] WARN  org.oxyl.newro.Main - Ceci est un message de warning
11:43:49.853 [main] ERROR org.oxyl.newro.Main - Ceci est un message d'erreur
11:44:03.327 [main] INFO  org.oxyl.newro.Main - Ceci est un message d'info
11:44:03.332 [main] WARN  org.oxyl.newro.Main - Ceci est un message de warning
11:44:03.332 [main] ERROR org.oxyl.newro.Main - Ceci est un message d'erreur
11:44:05.686 [main] ERROR org.oxyl.mapper.MapperStagiaire - Erreur Base de donnée
11:46:16.561 [main] INFO  org.oxyl.newro.Main - Ceci est un message d'info
11:46:16.567 [main] WARN  org.oxyl.newro.Main - Ceci est un message de warning
11:46:16.567 [main] ERROR org.oxyl.newro.Main - Ceci est un message d'erreur
11:46:22.692 [main] ERROR org.oxyl.mapper.MapperStagiaire - Erreur Base de donnée
11:46:22.694 [main] ERROR org.oxyl.persistence.StagiaireDAO - Erreur Lors de l'affichage de la page des stagiaires.
java.sql.SQLException: Operation not allowed after ResultSet closed
	at com.mysql.cj.jdbc.exceptions.SQLError.createSQLException(SQLError.java:130)
	at com.mysql.cj.jdbc.exceptions.SQLError.createSQLException(SQLError.java:98)
	at com.mysql.cj.jdbc.exceptions.SQLError.createSQLException(SQLError.java:90)
	at com.mysql.cj.jdbc.exceptions.SQLError.createSQLException(SQLError.java:64)
	at com.mysql.cj.jdbc.result.ResultSetImpl.checkClosed(ResultSetImpl.java:481)
	at com.mysql.cj.jdbc.result.ResultSetImpl.next(ResultSetImpl.java:1726)
	at org.oxyl.persistence.StagiaireDAO.afficherPageStagiaire(StagiaireDAO.java:45)
	at org.oxyl.newro.FonctionDIsplay.DisplayAfficherPageStagiaire(FonctionDIsplay.java:31)
	at org.oxyl.newro.Display.feur(Display.java:40)
	at org.oxyl.newro.Main.main(Main.java:18)
11:47:16.033 [main] INFO  org.oxyl.newro.Main - Ceci est un message d'info
11:47:16.040 [main] WARN  org.oxyl.newro.Main - Ceci est un message de warning
11:47:16.041 [main] ERROR org.oxyl.newro.Main - Ceci est un message d'erreur
11:47:19.379 [main] ERROR org.oxyl.mapper.MapperStagiaire - Erreur Base de donnée
11:47:19.380 [main] ERROR org.oxyl.persistence.StagiaireDAO - Erreur Lors de l'affichage de la page des stagiaires.
java.sql.SQLException: Operation not allowed after ResultSet closed
	at com.mysql.cj.jdbc.exceptions.SQLError.createSQLException(SQLError.java:130)
	at com.mysql.cj.jdbc.exceptions.SQLError.createSQLException(SQLError.java:98)
	at com.mysql.cj.jdbc.exceptions.SQLError.createSQLException(SQLError.java:90)
	at com.mysql.cj.jdbc.exceptions.SQLError.createSQLException(SQLError.java:64)
	at com.mysql.cj.jdbc.result.ResultSetImpl.checkClosed(ResultSetImpl.java:481)
	at com.mysql.cj.jdbc.result.ResultSetImpl.next(ResultSetImpl.java:1726)
	at org.oxyl.persistence.StagiaireDAO.afficherPageStagiaire(StagiaireDAO.java:45)
	at org.oxyl.newro.FonctionDIsplay.DisplayAfficherPageStagiaire(FonctionDIsplay.java:31)
	at org.oxyl.newro.Display.feur(Display.java:40)
	at org.oxyl.newro.Main.main(Main.java:18)
11:49:14.376 [main] INFO  org.oxyl.newro.Main - Ceci est un message d'info
11:49:14.381 [main] WARN  org.oxyl.newro.Main - Ceci est un message de warning
11:49:14.382 [main] ERROR org.oxyl.newro.Main - Ceci est un message d'erreur
11:49:17.031 [main] ERROR org.oxyl.mapper.MapperStagiaire - Erreur Base de donnée
11:49:17.033 [main] ERROR org.oxyl.persistence.StagiaireDAO - Erreur Lors de l'affichage de la page des stagiaires.
java.sql.SQLException: Operation not allowed after ResultSet closed
	at com.mysql.cj.jdbc.exceptions.SQLError.createSQLException(SQLError.java:130)
	at com.mysql.cj.jdbc.exceptions.SQLError.createSQLException(SQLError.java:98)
	at com.mysql.cj.jdbc.exceptions.SQLError.createSQLException(SQLError.java:90)
	at com.mysql.cj.jdbc.exceptions.SQLError.createSQLException(SQLError.java:64)
	at com.mysql.cj.jdbc.result.ResultSetImpl.checkClosed(ResultSetImpl.java:481)
	at com.mysql.cj.jdbc.result.ResultSetImpl.next(ResultSetImpl.java:1726)
	at org.oxyl.persistence.StagiaireDAO.afficherPageStagiaire(StagiaireDAO.java:45)
	at org.oxyl.newro.FonctionDIsplay.DisplayAfficherPageStagiaire(FonctionDIsplay.java:31)
	at org.oxyl.newro.Display.feur(Display.java:40)
	at org.oxyl.newro.Main.main(Main.java:18)
11:49:30.116 [main] INFO  org.oxyl.newro.Main - Ceci est un message d'info
11:49:30.123 [main] WARN  org.oxyl.newro.Main - Ceci est un message de warning
11:49:30.124 [main] ERROR org.oxyl.newro.Main - Ceci est un message d'erreur
11:49:32.576 [main] ERROR org.oxyl.mapper.MapperStagiaire - Erreur Base de donnée
11:49:32.578 [main] ERROR org.oxyl.persistence.StagiaireDAO - Erreur Lors de l'affichage de la page des stagiaires.
java.sql.SQLException: Operation not allowed after ResultSet closed
	at com.mysql.cj.jdbc.exceptions.SQLError.createSQLException(SQLError.java:130)
	at com.mysql.cj.jdbc.exceptions.SQLError.createSQLException(SQLError.java:98)
	at com.mysql.cj.jdbc.exceptions.SQLError.createSQLException(SQLError.java:90)
	at com.mysql.cj.jdbc.exceptions.SQLError.createSQLException(SQLError.java:64)
	at com.mysql.cj.jdbc.result.ResultSetImpl.checkClosed(ResultSetImpl.java:481)
	at com.mysql.cj.jdbc.result.ResultSetImpl.next(ResultSetImpl.java:1726)
	at org.oxyl.persistence.StagiaireDAO.afficherPageStagiaire(StagiaireDAO.java:45)
	at org.oxyl.newro.FonctionDIsplay.DisplayAfficherPageStagiaire(FonctionDIsplay.java:31)
	at org.oxyl.newro.Display.feur(Display.java:40)
	at org.oxyl.newro.Main.main(Main.java:18)
11:52:36.677 [main] INFO  org.oxyl.newro.Main - Ceci est un message d'info
11:52:36.688 [main] WARN  org.oxyl.newro.Main - Ceci est un message de warning
11:52:36.689 [main] ERROR org.oxyl.newro.Main - Ceci est un message d'erreur
11:52:41.072 [main] ERROR org.oxyl.mapper.MapperStagiaire - Erreur Base de donnée
11:52:41.074 [main] ERROR org.oxyl.persistence.StagiaireDAO - Erreur Lors de l'affichage de la page des stagiaires.
java.sql.SQLException: Operation not allowed after ResultSet closed
	at com.mysql.cj.jdbc.exceptions.SQLError.createSQLException(SQLError.java:130)
	at com.mysql.cj.jdbc.exceptions.SQLError.createSQLException(SQLError.java:98)
	at com.mysql.cj.jdbc.exceptions.SQLError.createSQLException(SQLError.java:90)
	at com.mysql.cj.jdbc.exceptions.SQLError.createSQLException(SQLError.java:64)
	at com.mysql.cj.jdbc.result.ResultSetImpl.checkClosed(ResultSetImpl.java:481)
	at com.mysql.cj.jdbc.result.ResultSetImpl.next(ResultSetImpl.java:1726)
	at org.oxyl.persistence.StagiaireDAO.afficherPageStagiaire(StagiaireDAO.java:45)
	at org.oxyl.newro.FonctionDIsplay.DisplayAfficherPageStagiaire(FonctionDIsplay.java:31)
	at org.oxyl.newro.Display.feur(Display.java:40)
	at org.oxyl.newro.Main.main(Main.java:18)
11:54:43.701 [main] INFO  org.oxyl.newro.Main - Ceci est un message d'info
11:54:43.710 [main] WARN  org.oxyl.newro.Main - Ceci est un message de warning
11:54:43.710 [main] ERROR org.oxyl.newro.Main - Ceci est un message d'erreur
11:54:49.316 [main] ERROR org.oxyl.mapper.MapperStagiaire - Erreur Base de donnée
11:54:49.318 [main] ERROR org.oxyl.persistence.StagiaireDAO - Erreur Lors de l'affichage de la page des stagiaires.
java.sql.SQLException: Operation not allowed after ResultSet closed
	at com.mysql.cj.jdbc.exceptions.SQLError.createSQLException(SQLError.java:130)
	at com.mysql.cj.jdbc.exceptions.SQLError.createSQLException(SQLError.java:98)
	at com.mysql.cj.jdbc.exceptions.SQLError.createSQLException(SQLError.java:90)
	at com.mysql.cj.jdbc.exceptions.SQLError.createSQLException(SQLError.java:64)
	at com.mysql.cj.jdbc.result.ResultSetImpl.checkClosed(ResultSetImpl.java:481)
	at com.mysql.cj.jdbc.result.ResultSetImpl.next(ResultSetImpl.java:1726)
	at org.oxyl.persistence.StagiaireDAO.afficherPageStagiaire(StagiaireDAO.java:45)
	at org.oxyl.newro.FonctionDIsplay.DisplayAfficherPageStagiaire(FonctionDIsplay.java:31)
	at org.oxyl.newro.Display.feur(Display.java:40)
	at org.oxyl.newro.Main.main(Main.java:18)
11:58:09.633 [main] INFO  org.oxyl.newro.Main - Ceci est un message d'info
11:58:09.639 [main] WARN  org.oxyl.newro.Main - Ceci est un message de warning
11:58:09.639 [main] ERROR org.oxyl.newro.Main - Ceci est un message d'erreur
11:58:13.243 [main] ERROR org.oxyl.mapper.MapperStagiaire - Erreur Base de donnée
11:58:13.246 [main] ERROR org.oxyl.persistence.StagiaireDAO - Erreur Lors de l'affichage de la page des stagiaires.
java.sql.SQLException: Operation not allowed after ResultSet closed
	at com.mysql.cj.jdbc.exceptions.SQLError.createSQLException(SQLError.java:130)
	at com.mysql.cj.jdbc.exceptions.SQLError.createSQLException(SQLError.java:98)
	at com.mysql.cj.jdbc.exceptions.SQLError.createSQLException(SQLError.java:90)
	at com.mysql.cj.jdbc.exceptions.SQLError.createSQLException(SQLError.java:64)
	at com.mysql.cj.jdbc.result.ResultSetImpl.checkClosed(ResultSetImpl.java:481)
	at com.mysql.cj.jdbc.result.ResultSetImpl.next(ResultSetImpl.java:1726)
	at org.oxyl.persistence.StagiaireDAO.afficherPageStagiaire(StagiaireDAO.java:45)
	at org.oxyl.newro.FonctionDIsplay.DisplayAfficherPageStagiaire(FonctionDIsplay.java:31)
	at org.oxyl.newro.Display.feur(Display.java:40)
	at org.oxyl.newro.Main.main(Main.java:18)
12:00:25.317 [main] INFO  org.oxyl.newro.Main - Ceci est un message d'info
12:00:25.322 [main] WARN  org.oxyl.newro.Main - Ceci est un message de warning
12:00:25.322 [main] ERROR org.oxyl.newro.Main - Ceci est un message d'erreur
12:00:28.415 [main] ERROR org.oxyl.mapper.MapperStagiaire - Erreur Base de donnée
12:00:28.418 [main] ERROR org.oxyl.persistence.StagiaireDAO - Erreur Lors de l'affichage de la page des stagiaires.
java.sql.SQLException: Operation not allowed after ResultSet closed
	at com.mysql.cj.jdbc.exceptions.SQLError.createSQLException(SQLError.java:130)
	at com.mysql.cj.jdbc.exceptions.SQLError.createSQLException(SQLError.java:98)
	at com.mysql.cj.jdbc.exceptions.SQLError.createSQLException(SQLError.java:90)
	at com.mysql.cj.jdbc.exceptions.SQLError.createSQLException(SQLError.java:64)
	at com.mysql.cj.jdbc.result.ResultSetImpl.checkClosed(ResultSetImpl.java:481)
	at com.mysql.cj.jdbc.result.ResultSetImpl.next(ResultSetImpl.java:1726)
	at org.oxyl.persistence.StagiaireDAO.afficherPageStagiaire(StagiaireDAO.java:45)
	at org.oxyl.newro.FonctionDIsplay.DisplayAfficherPageStagiaire(FonctionDIsplay.java:31)
	at org.oxyl.newro.Display.feur(Display.java:40)
	at org.oxyl.newro.Main.main(Main.java:18)
12:01:39.446 [main] INFO  org.oxyl.newro.Main - Ceci est un message d'info
12:01:39.454 [main] WARN  org.oxyl.newro.Main - Ceci est un message de warning
12:01:39.455 [main] ERROR org.oxyl.newro.Main - Ceci est un message d'erreur
12:01:42.536 [main] ERROR org.oxyl.mapper.MapperStagiaire - Erreur Base de donnée
java.sql.SQLException: Operation not allowed after ResultSet closed
	at com.mysql.cj.jdbc.exceptions.SQLError.createSQLException(SQLError.java:130)
	at com.mysql.cj.jdbc.exceptions.SQLError.createSQLException(SQLError.java:98)
	at com.mysql.cj.jdbc.exceptions.SQLError.createSQLException(SQLError.java:90)
	at com.mysql.cj.jdbc.exceptions.SQLError.createSQLException(SQLError.java:64)
	at com.mysql.cj.jdbc.result.ResultSetImpl.checkClosed(ResultSetImpl.java:481)
	at com.mysql.cj.jdbc.result.ResultSetImpl.findColumn(ResultSetImpl.java:576)
	at com.mysql.cj.jdbc.result.ResultSetImpl.getTimestamp(ResultSetImpl.java:981)
	at org.oxyl.mapper.MapperStagiaire.rsToStagiaire(MapperStagiaire.java:30)
	at org.oxyl.persistence.StagiaireDAO.afficherPageStagiaire(StagiaireDAO.java:49)
	at org.oxyl.newro.FonctionDIsplay.DisplayAfficherPageStagiaire(FonctionDIsplay.java:31)
	at org.oxyl.newro.Display.feur(Display.java:40)
	at org.oxyl.newro.Main.main(Main.java:18)
12:01:42.539 [main] ERROR org.oxyl.persistence.StagiaireDAO - Erreur Lors de l'affichage de la page des stagiaires.
java.sql.SQLException: Operation not allowed after ResultSet closed
	at com.mysql.cj.jdbc.exceptions.SQLError.createSQLException(SQLError.java:130)
	at com.mysql.cj.jdbc.exceptions.SQLError.createSQLException(SQLError.java:98)
	at com.mysql.cj.jdbc.exceptions.SQLError.createSQLException(SQLError.java:90)
	at com.mysql.cj.jdbc.exceptions.SQLError.createSQLException(SQLError.java:64)
	at com.mysql.cj.jdbc.result.ResultSetImpl.checkClosed(ResultSetImpl.java:481)
	at com.mysql.cj.jdbc.result.ResultSetImpl.next(ResultSetImpl.java:1726)
	at org.oxyl.persistence.StagiaireDAO.afficherPageStagiaire(StagiaireDAO.java:45)
	at org.oxyl.newro.FonctionDIsplay.DisplayAfficherPageStagiaire(FonctionDIsplay.java:31)
	at org.oxyl.newro.Display.feur(Display.java:40)
	at org.oxyl.newro.Main.main(Main.java:18)
12:02:30.116 [main] INFO  org.oxyl.newro.Main - Ceci est un message d'info
12:02:30.122 [main] WARN  org.oxyl.newro.Main - Ceci est un message de warning
12:02:30.122 [main] ERROR org.oxyl.newro.Main - Ceci est un message d'erreur
12:02:32.544 [main] ERROR org.oxyl.persistence.StagiaireDAO - Erreur Lors de l'affichage de la page des stagiaires.
java.sql.SQLException: Operation not allowed after ResultSet closed
	at com.mysql.cj.jdbc.exceptions.SQLError.createSQLException(SQLError.java:130)
	at com.mysql.cj.jdbc.exceptions.SQLError.createSQLException(SQLError.java:98)
	at com.mysql.cj.jdbc.exceptions.SQLError.createSQLException(SQLError.java:90)
	at com.mysql.cj.jdbc.exceptions.SQLError.createSQLException(SQLError.java:64)
	at com.mysql.cj.jdbc.result.ResultSetImpl.checkClosed(ResultSetImpl.java:481)
	at com.mysql.cj.jdbc.result.ResultSetImpl.next(ResultSetImpl.java:1726)
	at org.oxyl.persistence.StagiaireDAO.afficherPageStagiaire(StagiaireDAO.java:45)
	at org.oxyl.newro.FonctionDIsplay.DisplayAfficherPageStagiaire(FonctionDIsplay.java:31)
	at org.oxyl.newro.Display.feur(Display.java:40)
	at org.oxyl.newro.Main.main(Main.java:18)
12:08:13.731 [main] INFO  org.oxyl.newro.Main - Ceci est un message d'info
12:08:13.736 [main] WARN  org.oxyl.newro.Main - Ceci est un message de warning
12:08:13.737 [main] ERROR org.oxyl.newro.Main - Ceci est un message d'erreur
12:09:18.486 [main] INFO  org.oxyl.newro.Main - Ceci est un message d'info
12:09:18.491 [main] WARN  org.oxyl.newro.Main - Ceci est un message de warning
12:09:18.492 [main] ERROR org.oxyl.newro.Main - Ceci est un message d'erreur
12:11:09.981 [main] INFO  org.oxyl.newro.Main - Ceci est un message d'info
12:11:09.986 [main] WARN  org.oxyl.newro.Main - Ceci est un message de warning
12:11:09.986 [main] ERROR org.oxyl.newro.Main - Ceci est un message d'erreur
